<?xml version="1.0" encoding="UTF-8"?>
<testsuite name="test_singleton_hotel_manager_tests.TestingSingleton-20240426205156" tests="1" file="test_singleton_hotel_manager_tests.py" time="0.000" timestamp="2024-04-26T20:51:57" failures="0" errors="0" skipped="0">
	<testcase classname="test_singleton_hotel_manager_tests.TestingSingleton" name="test_singleton_access_manager" time="0.000" timestamp="2024-04-26T20:51:57"/>
</testsuite>
